This is pdfTeX, Version 3.141592653-2.6-1.40.27 (MiKTeX 25.3) (preloaded format=pdflatex 2025.4.2)  15 JUN 2025 01:14
entering extended mode
 \write18 enabled.
 %&-line parsing enabled.
**./monografia.tex
(monografia.tex
LaTeX2e <2024-11-01> patch level 2
L3 programming layer <2025-01-18>
(iftex2024.cls
Document Class: iftex2024 2024 Classe IFTeX2024 para trabalhos academicos por M
arcos Roberto Ribeiro
(C:\Users\vinit\AppData\Local\Programs\MiKTeX\tex/latex/base\ifthen.sty
Package: ifthen 2024/03/16 v1.1e Standard LaTeX ifthen package (DPC)
)
(C:\Users\vinit\AppData\Local\Programs\MiKTeX\tex/latex/xkeyval\xkeyval.sty
Package: xkeyval 2022/06/16 v2.9 package option processing (HA)

(C:\Users\vinit\AppData\Local\Programs\MiKTeX\tex/generic/xkeyval\xkeyval.tex
(C:\Users\vinit\AppData\Local\Programs\MiKTeX\tex/generic/xkeyval\xkvutils.tex
\XKV@toks=\toks17
\XKV@tempa@toks=\toks18

(C:\Users\vinit\AppData\Local\Programs\MiKTeX\tex/generic/xkeyval\keyval.tex))
\XKV@depth=\count196
File: xkeyval.tex 2014/12/03 v2.7a key=value parser (HA)
)) (C:\Users\vinit\AppData\Local\Programs\MiKTeX\tex/latex/base\report.cls
Document Class: report 2024/06/29 v1.4n Standard LaTeX document class
(C:\Users\vinit\AppData\Local\Programs\MiKTeX\tex/latex/base\size12.clo
File: size12.clo 2024/06/29 v1.4n Standard LaTeX file (size option)
)
\c@part=\count197
\c@chapter=\count198
\c@section=\count199
\c@subsection=\count266
\c@subsubsection=\count267
\c@paragraph=\count268
\c@subparagraph=\count269
\c@figure=\count270
\c@table=\count271
\abovecaptionskip=\skip49
\belowcaptionskip=\skip50
\bibindent=\dimen141
)
(C:\Users\vinit\AppData\Local\Programs\MiKTeX\tex/latex/geometry\geometry.sty
Package: geometry 2020/01/02 v5.9 Page Geometry

(C:\Users\vinit\AppData\Local\Programs\MiKTeX\tex/generic/iftex\ifvtex.sty
Package: ifvtex 2019/10/25 v1.7 ifvtex legacy package. Use iftex instead.

(C:\Users\vinit\AppData\Local\Programs\MiKTeX\tex/generic/iftex\iftex.sty
Package: iftex 2024/12/12 v1.0g TeX engine tests
))
\Gm@cnth=\count272
\Gm@cntv=\count273
\c@Gm@tempcnt=\count274
\Gm@bindingoffset=\dimen142
\Gm@wd@mp=\dimen143
\Gm@odd@mp=\dimen144
\Gm@even@mp=\dimen145
\Gm@layoutwidth=\dimen146
\Gm@layoutheight=\dimen147
\Gm@layouthoffset=\dimen148
\Gm@layoutvoffset=\dimen149
\Gm@dimlist=\toks19

(C:\Users\vinit\AppData\Local\Programs\MiKTeX\tex/latex/geometry\geometry.cfg))
(C:\Users\vinit\AppData\Local\Programs\MiKTeX\tex/latex/fancyhdr\fancyhdr.sty
Package: fancyhdr 2025/02/07 v5.2 Extensive control of page headers and footers

\f@nch@headwidth=\skip51
\f@nch@offset@elh=\skip52
\f@nch@offset@erh=\skip53
\f@nch@offset@olh=\skip54
\f@nch@offset@orh=\skip55
\f@nch@offset@elf=\skip56
\f@nch@offset@erf=\skip57
\f@nch@offset@olf=\skip58
\f@nch@offset@orf=\skip59
\f@nch@height=\skip60
\f@nch@footalignment=\skip61
\f@nch@widthL=\skip62
\f@nch@widthC=\skip63
\f@nch@widthR=\skip64
\@temptokenb=\toks20
)
(C:\Users\vinit\AppData\Local\Programs\MiKTeX\tex/latex/base\fontenc.sty
Package: fontenc 2021/04/29 v2.0v Standard LaTeX package
)
(C:\Users\vinit\AppData\Local\Programs\MiKTeX\tex/latex/base\inputenc.sty
Package: inputenc 2024/02/08 v1.3d Input encoding file
\inpenc@prehook=\toks21
\inpenc@posthook=\toks22
)
(C:\Users\vinit\AppData\Local\Programs\MiKTeX\tex/latex/psnfss\helvet.sty
Package: helvet 2020/03/25 PSNFSS-v9.3 (WaS) 
)
(C:\Users\vinit\AppData\Local\Programs\MiKTeX\tex/latex/tools\indentfirst.sty
Package: indentfirst 2023/07/02 v1.03 Indent first paragraph (DPC)
)
(C:\Users\vinit\AppData\Local\Programs\MiKTeX\tex/latex/setspace\setspace.sty
Package: setspace 2022/12/04 v6.7b set line spacing
)
(C:\Users\vinit\AppData\Local\Programs\MiKTeX\tex/generic/babel\babel.sty
Package: babel 2025/03/27 v25.6 The multilingual framework for pdfLaTeX, LuaLaT
eX and XeLaTeX
\babel@savecnt=\count275
\U@D=\dimen150
\l@unhyphenated=\language79

(C:\Users\vinit\AppData\Local\Programs\MiKTeX\tex/generic/babel\txtbabel.def)
\bbl@readstream=\read2
\bbl@dirlevel=\count276

*************************************
* Local config file bblopts.cfg used
*
(C:\Users\vinit\AppData\Local\Programs\MiKTeX\tex/latex/arabi\bblopts.cfg
File: bblopts.cfg 2005/09/08 v0.1 add Arabic and Farsi to "declared" options of
 babel
)
Package babel Info: Main language set with 'main='. Except if you have
(babel)             problems, prefer the default mechanism for setting
(babel)             the main language, i.e., as the last declared.
(babel)             Reported on input line 4120.

(C:\Users\vinit\AppData\Local\Programs\MiKTeX\tex/latex/babel-english\english.l
df
Language: english 2017/06/06 v3.3r English support from the babel system
Package babel Info: Hyphen rules for 'canadian' set to \l@english
(babel)             (\language0). Reported on input line 102.
Package babel Info: Hyphen rules for 'australian' set to \l@ukenglish
(babel)             (\language73). Reported on input line 105.
Package babel Info: Hyphen rules for 'newzealand' set to \l@ukenglish
(babel)             (\language73). Reported on input line 108.
)
(C:\Users\vinit\AppData\Local\Programs\MiKTeX\tex/latex/babel-portuges\brazil.l
df
Language: portuges 2021/07/09 v1.2t Portuguese support from the babel system
Package babel Info: Hyphen rules for 'brazil' set to \l@portuguese
(babel)             (\language56). Reported on input line 111.
Package babel Info: Making " an active character on input line 143.
))
(C:\Users\vinit\AppData\Local\Programs\MiKTeX\tex/generic/babel/locale/en\babel
-english.tex
Package babel Info: Importing font and identification data for english
(babel)             from babel-en.ini. Reported on input line 11.
) (biblatexfix.sty
Package: biblatexfix Correcoes diversas no estilo ABNT do pacote biblatex por M
arcos Roberto Ribeiro

(C:\Users\vinit\AppData\Local\Programs\MiKTeX\tex/latex/biblatex\biblatex.sty
Package: biblatex 2024/03/21 v3.20 programmable bibliographies (PK/MW)

(C:\Users\vinit\AppData\Local\Programs\MiKTeX\tex/generic/pdftexcmds\pdftexcmds
.sty
Package: pdftexcmds 2020-06-27 v0.33 Utility functions of pdfTeX for LuaTeX (HO
)

(C:\Users\vinit\AppData\Local\Programs\MiKTeX\tex/generic/infwarerr\infwarerr.s
ty
Package: infwarerr 2019/12/03 v1.5 Providing info/warning/error messages (HO)
)
(C:\Users\vinit\AppData\Local\Programs\MiKTeX\tex/generic/ltxcmds\ltxcmds.sty
Package: ltxcmds 2023-12-04 v1.26 LaTeX kernel commands for general use (HO)
)
Package pdftexcmds Info: \pdf@primitive is available.
Package pdftexcmds Info: \pdf@ifprimitive is available.
Package pdftexcmds Info: \pdfdraftmode found.
) (C:\Users\vinit\AppData\Local\Programs\MiKTeX\tex/latex/etoolbox\etoolbox.sty
Package: etoolbox 2025/02/11 v2.5l e-TeX tools for LaTeX (JAW)
\etb@tempcnta=\count277
)
(C:\Users\vinit\AppData\Local\Programs\MiKTeX\tex/latex/kvoptions\kvoptions.sty
Package: kvoptions 2022-06-15 v3.15 Key value format for package options (HO)

(C:\Users\vinit\AppData\Local\Programs\MiKTeX\tex/latex/kvsetkeys\kvsetkeys.sty
Package: kvsetkeys 2022-10-05 v1.19 Key value parser (HO)
)) (C:\Users\vinit\AppData\Local\Programs\MiKTeX\tex/latex/logreq\logreq.sty
Package: logreq 2010/08/04 v1.0 xml request logger
\lrq@indent=\count278

(C:\Users\vinit\AppData\Local\Programs\MiKTeX\tex/latex/logreq\logreq.def
File: logreq.def 2010/08/04 v1.0 logreq spec v1.0
))
(C:\Users\vinit\AppData\Local\Programs\MiKTeX\tex/latex/url\url.sty
\Urlmuskip=\muskip17
Package: url 2013/09/16  ver 3.4  Verb mode for urls, etc.
)
\c@tabx@nest=\count279
\c@listtotal=\count280
\c@listcount=\count281
\c@liststart=\count282
\c@liststop=\count283
\c@citecount=\count284
\c@citetotal=\count285
\c@multicitecount=\count286
\c@multicitetotal=\count287
\c@instcount=\count288
\c@maxnames=\count289
\c@minnames=\count290
\c@maxitems=\count291
\c@minitems=\count292
\c@citecounter=\count293
\c@maxcitecounter=\count294
\c@savedcitecounter=\count295
\c@uniquelist=\count296
\c@uniquename=\count297
\c@refsection=\count298
\c@refsegment=\count299
\c@maxextratitle=\count300
\c@maxextratitleyear=\count301
\c@maxextraname=\count302
\c@maxextradate=\count303
\c@maxextraalpha=\count304
\c@abbrvpenalty=\count305
\c@highnamepenalty=\count306
\c@lownamepenalty=\count307
\c@maxparens=\count308
\c@parenlevel=\count309
\blx@tempcnta=\count310
\blx@tempcntb=\count311
\blx@tempcntc=\count312
\c@blx@maxsection=\count313
\blx@maxsegment@0=\count314
\blx@notetype=\count315
\blx@parenlevel@text=\count316
\blx@parenlevel@foot=\count317
\blx@sectionciteorder@0=\count318
\blx@sectionciteorderinternal@0=\count319
\blx@entrysetcounter=\count320
\blx@biblioinstance=\count321
\labelnumberwidth=\skip65
\labelalphawidth=\skip66
\biblabelsep=\skip67
\bibitemsep=\skip68
\bibnamesep=\skip69
\bibinitsep=\skip70
\bibparsep=\skip71
\bibhang=\skip72
\blx@bcfin=\read3
\blx@bcfout=\write3
\blx@langwohyphens=\language80
\c@mincomprange=\count322
\c@maxcomprange=\count323
\c@mincompwidth=\count324
Package biblatex Info: Trying to load biblatex default data model...
Package biblatex Info: ... file 'blx-dm.def' found.

(C:\Users\vinit\AppData\Local\Programs\MiKTeX\tex/latex/biblatex\blx-dm.def
File: blx-dm.def 2024/03/21 v3.20 biblatex datamodel (PK/MW)
)
Package biblatex Info: Trying to load biblatex style data model...
Package biblatex Info: ... file 'abnt.dbx' not found.
Package biblatex Info: Trying to load biblatex custom data model...
Package biblatex Info: ... file 'biblatex-dm.cfg' not found.
\c@afterword=\count325
\c@savedafterword=\count326
\c@annotator=\count327
\c@savedannotator=\count328
\c@author=\count329
\c@savedauthor=\count330
\c@bookauthor=\count331
\c@savedbookauthor=\count332
\c@commentator=\count333
\c@savedcommentator=\count334
\c@editor=\count335
\c@savededitor=\count336
\c@editora=\count337
\c@savededitora=\count338
\c@editorb=\count339
\c@savededitorb=\count340
\c@editorc=\count341
\c@savededitorc=\count342
\c@foreword=\count343
\c@savedforeword=\count344
\c@holder=\count345
\c@savedholder=\count346
\c@introduction=\count347
\c@savedintroduction=\count348
\c@namea=\count349
\c@savednamea=\count350
\c@nameb=\count351
\c@savednameb=\count352
\c@namec=\count353
\c@savednamec=\count354
\c@translator=\count355
\c@savedtranslator=\count356
\c@shortauthor=\count357
\c@savedshortauthor=\count358
\c@shorteditor=\count359
\c@savedshorteditor=\count360
\c@labelname=\count361
\c@savedlabelname=\count362
\c@institution=\count363
\c@savedinstitution=\count364
\c@lista=\count365
\c@savedlista=\count366
\c@listb=\count367
\c@savedlistb=\count368
\c@listc=\count369
\c@savedlistc=\count370
\c@listd=\count371
\c@savedlistd=\count372
\c@liste=\count373
\c@savedliste=\count374
\c@listf=\count375
\c@savedlistf=\count376
\c@location=\count377
\c@savedlocation=\count378
\c@organization=\count379
\c@savedorganization=\count380
\c@origlocation=\count381
\c@savedoriglocation=\count382
\c@origpublisher=\count383
\c@savedorigpublisher=\count384
\c@publisher=\count385
\c@savedpublisher=\count386
\c@language=\count387
\c@savedlanguage=\count388
\c@origlanguage=\count389
\c@savedoriglanguage=\count390
\c@pageref=\count391
\c@savedpageref=\count392
\shorthandwidth=\skip73
\shortjournalwidth=\skip74
\shortserieswidth=\skip75
\shorttitlewidth=\skip76
\shortauthorwidth=\skip77
\shorteditorwidth=\skip78
\locallabelnumberwidth=\skip79
\locallabelalphawidth=\skip80
\localshorthandwidth=\skip81
\localshortjournalwidth=\skip82
\localshortserieswidth=\skip83
\localshorttitlewidth=\skip84
\localshortauthorwidth=\skip85
\localshorteditorwidth=\skip86
Package biblatex Info: Trying to load compatibility code...
Package biblatex Info: ... file 'blx-compat.def' found.

(C:\Users\vinit\AppData\Local\Programs\MiKTeX\tex/latex/biblatex\blx-compat.def
File: blx-compat.def 2024/03/21 v3.20 biblatex compatibility (PK/MW)
)
Package biblatex Info: Trying to load generic definitions...
Package biblatex Info: ... file 'biblatex.def' found.
 (C:\Users\vinit\AppData\Local\Programs\MiKTeX\tex/latex/biblatex\biblatex.def
File: biblatex.def 2024/03/21 v3.20 biblatex compatibility (PK/MW)
\c@textcitecount=\count393
\c@textcitetotal=\count394
\c@textcitemaxnames=\count395
\c@biburlbigbreakpenalty=\count396
\c@biburlbreakpenalty=\count397
\c@biburlnumpenalty=\count398
\c@biburlucpenalty=\count399
\c@biburllcpenalty=\count400
\biburlbigskip=\muskip18
\biburlnumskip=\muskip19
\biburlucskip=\muskip20
\biburllcskip=\muskip21
\c@smartand=\count401
)
Package biblatex Info: Trying to load bibliography style 'abnt'...
Package biblatex Info: ... file 'abnt.bbx' found.

(C:\Users\vinit\AppData\Local\Programs\MiKTeX\tex/latex/biblatex-abnt/bbx\abnt.
bbx
File: abnt.bbx 2018-11-17 v3.4 ABNT BibLaTeX citation style

(C:\Users\vinit\AppData\Local\Programs\MiKTeX\tex/latex/l3packages/xparse\xpars
e.sty
(C:\Users\vinit\AppData\Local\Programs\MiKTeX\tex/latex/l3kernel\expl3.sty
Package: expl3 2025-01-18 L3 programming layer (loader) 

(C:\Users\vinit\AppData\Local\Programs\MiKTeX\tex/latex/l3backend\l3backend-pdf
tex.def
File: l3backend-pdftex.def 2024-05-08 L3 backend support: PDF output (pdfTeX)
\l__color_backend_stack_int=\count402
\l__pdf_internal_box=\box52
))
Package: xparse 2024-08-16 L3 Experimental document command parser
)
(C:\Users\vinit\AppData\Local\Programs\MiKTeX\tex/latex/xpatch\xpatch.sty
Package: xpatch 2020/03/25 v0.3a Extending etoolbox patching commands
)
Package biblatex Info: Trying to load bibliography style 'standard'...
Package biblatex Info: ... file 'standard.bbx' found.

(C:\Users\vinit\AppData\Local\Programs\MiKTeX\tex/latex/biblatex/bbx\standard.b
bx
File: standard.bbx 2024/03/21 v3.20 biblatex bibliography style (PK/MW)
\c@bbx:relatedcount=\count403
\c@bbx:relatedtotal=\count404
))
Package biblatex Info: Trying to load citation style 'abnt'...
Package biblatex Info: ... file 'abnt.cbx' found.

(C:\Users\vinit\AppData\Local\Programs\MiKTeX\tex/latex/biblatex-abnt/cbx\abnt.
cbx
File: abnt.cbx 2018-11-17 v3.4 ABNT BibLaTeX citation style
Package biblatex Info: Trying to load citation style 'authoryear-comp'...
Package biblatex Info: ... file 'authoryear-comp.cbx' found.

(C:\Users\vinit\AppData\Local\Programs\MiKTeX\tex/latex/biblatex/cbx\authoryear
-comp.cbx
File: authoryear-comp.cbx 2024/03/21 v3.20 biblatex citation style (PK/MW)
Package biblatex Info: Redefining '\cite'.
Package biblatex Info: Redefining '\parencite'.
Package biblatex Info: Redefining '\footcite'.
Package biblatex Info: Redefining '\footcitetext'.
Package biblatex Info: Redefining '\smartcite'.
Package biblatex Info: Redefining '\textcite'.
Package biblatex Info: Redefining '\textcites'.
Package biblatex Info: Redefining '\cites'.
Package biblatex Info: Redefining '\parencites'.
Package biblatex Info: Redefining '\footcites'.
Package biblatex Info: Redefining '\footcitetexts'.
Package biblatex Info: Redefining '\smartcites'.
)
Package biblatex Info: Redefining '\cite'.
Package biblatex Info: Redefining '\cites'.
Package biblatex Info: Redefining '\footcite'.
Package biblatex Info: Redefining '\footcites'.
Package biblatex Info: Redefining '\citetitle'.
Package biblatex Info: Redefining '\smartcite'.
Package biblatex Info: Redefining '\citeauthor'.
Package biblatex Info: Redefining '\citeyear'.
)
Package biblatex Info: Trying to load configuration file...
Package biblatex Info: ... file 'biblatex.cfg' found.

(C:\Users\vinit\AppData\Local\Programs\MiKTeX\tex/latex/biblatex\biblatex.cfg
File: biblatex.cfg 
)
Package biblatex Info: Input encoding 'utf8' detected.
Package biblatex Info: Document encoding is UTF8 ....
Package biblatex Info: ... and expl3
(biblatex)             2025-01-18 L3 programming layer (loader) 
(biblatex)             is new enough (at least 2020/04/06),
(biblatex)             setting 'casechanger=expl3'.

(C:\Users\vinit\AppData\Local\Programs\MiKTeX\tex/latex/biblatex\blx-case-expl3
.sty
Package: blx-case-expl3 2024/03/21 v3.20 expl3 case changing code for biblatex
)) (C:\Users\vinit\AppData\Local\Programs\MiKTeX\tex/latex/xurl\xurl.sty
Package: xurl 2022/01/09 v 0.10 modify URL breaks

xurl: Set penalties for biblatex
)) (C:\Users\vinit\AppData\Local\Programs\MiKTeX\tex/latex/titling\titling.sty
Package: titling 2009/09/04 v2.1d maketitle typesetting
\thanksmarkwidth=\skip87
\thanksmargin=\skip88
\droptitle=\skip89
) (C:\Users\vinit\AppData\Local\Programs\MiKTeX\tex/latex/titlesec\titlesec.sty
Package: titlesec 2025/01/04 v2.17 Sectioning titles
\ttl@box=\box53
\beforetitleunit=\skip90
\aftertitleunit=\skip91
\ttl@plus=\dimen151
\ttl@minus=\dimen152
\ttl@toksa=\toks23
\titlewidth=\dimen153
\titlewidthlast=\dimen154
\titlewidthfirst=\dimen155
) (C:\Users\vinit\AppData\Local\Programs\MiKTeX\tex/latex/tocloft\tocloft.sty
Package: tocloft 2017/08/31 v2.3i parameterised ToC, etc., typesetting
Package tocloft Info: The document has chapter divisions on input line 51.
\cftparskip=\skip92
\cftbeforetoctitleskip=\skip93
\cftaftertoctitleskip=\skip94
\cftbeforepartskip=\skip95
\cftpartnumwidth=\skip96
\cftpartindent=\skip97
\cftbeforechapskip=\skip98
\cftchapindent=\skip99
\cftchapnumwidth=\skip100
\cftbeforesecskip=\skip101
\cftsecindent=\skip102
\cftsecnumwidth=\skip103
\cftbeforesubsecskip=\skip104
\cftsubsecindent=\skip105
\cftsubsecnumwidth=\skip106
\cftbeforesubsubsecskip=\skip107
\cftsubsubsecindent=\skip108
\cftsubsubsecnumwidth=\skip109
\cftbeforeparaskip=\skip110
\cftparaindent=\skip111
\cftparanumwidth=\skip112
\cftbeforesubparaskip=\skip113
\cftsubparaindent=\skip114
\cftsubparanumwidth=\skip115
\cftbeforeloftitleskip=\skip116
\cftafterloftitleskip=\skip117
\cftbeforefigskip=\skip118
\cftfigindent=\skip119
\cftfignumwidth=\skip120
\c@lofdepth=\count405
\c@lotdepth=\count406
\cftbeforelottitleskip=\skip121
\cftafterlottitleskip=\skip122
\cftbeforetabskip=\skip123
\cfttabindent=\skip124
\cfttabnumwidth=\skip125
)
(C:\Users\vinit\AppData\Local\Programs\MiKTeX\tex/latex/newfloat\newfloat.sty
Package: newfloat 2023/10/01 v1.2 Defining new floating environments (AR)
Package newfloat Info: Document class `report' detected (original).
)
(C:\Users\vinit\AppData\Local\Programs\MiKTeX\tex/latex/graphics\graphicx.sty
Package: graphicx 2021/09/16 v1.2d Enhanced LaTeX Graphics (DPC,SPQR)

(C:\Users\vinit\AppData\Local\Programs\MiKTeX\tex/latex/graphics\graphics.sty
Package: graphics 2024/08/06 v1.4g Standard LaTeX Graphics (DPC,SPQR)

(C:\Users\vinit\AppData\Local\Programs\MiKTeX\tex/latex/graphics\trig.sty
Package: trig 2023/12/02 v1.11 sin cos tan (DPC)
)
(C:\Users\vinit\AppData\Local\Programs\MiKTeX\tex/latex/graphics-cfg\graphics.c
fg
File: graphics.cfg 2016/06/04 v1.11 sample graphics configuration
)
Package graphics Info: Driver file: pdftex.def on input line 106.

(C:\Users\vinit\AppData\Local\Programs\MiKTeX\tex/latex/graphics-def\pdftex.def
File: pdftex.def 2024/04/13 v1.2c Graphics/color driver for pdftex
))
\Gin@req@height=\dimen156
\Gin@req@width=\dimen157
) (C:\Users\vinit\AppData\Local\Programs\MiKTeX\tex/latex/caption\caption.sty
Package: caption 2023/08/05 v3.6o Customizing captions (AR)
(C:\Users\vinit\AppData\Local\Programs\MiKTeX\tex/latex/caption\caption3.sty
Package: caption3 2023/07/31 v2.4d caption3 kernel (AR)
\caption@tempdima=\dimen158
\captionmargin=\dimen159
\caption@leftmargin=\dimen160
\caption@rightmargin=\dimen161
\caption@width=\dimen162
\caption@indent=\dimen163
\caption@parindent=\dimen164
\caption@hangindent=\dimen165
Package caption Info: Standard document class detected.
)
\c@caption@flags=\count407
\c@continuedfloat=\count408
)
(C:\Users\vinit\AppData\Local\Programs\MiKTeX\tex/latex/varwidth\varwidth.sty
Package: varwidth 2009/03/30 ver 0.92;  Variable-width minipages
\@vwid@box=\box54
\sift@deathcycles=\count409
\@vwid@loff=\dimen166
\@vwid@roff=\dimen167
)
(C:\Users\vinit\AppData\Local\Programs\MiKTeX\tex/latex/tools\tabularx.sty
Package: tabularx 2023/12/11 v2.12a `tabularx' package (DPC)

(C:\Users\vinit\AppData\Local\Programs\MiKTeX\tex/latex/tools\array.sty
Package: array 2024/10/17 v2.6g Tabular extension package (FMi)
\col@sep=\dimen168
\ar@mcellbox=\box55
\extrarowheight=\dimen169
\NC@list=\toks24
\extratabsurround=\skip126
\backup@length=\skip127
\ar@cellbox=\box56
)
\TX@col@width=\dimen170
\TX@old@table=\dimen171
\TX@old@col=\dimen172
\TX@target=\dimen173
\TX@delta=\dimen174
\TX@cols=\count410
\TX@ftn=\toks25
)
(C:\Users\vinit\AppData\Local\Programs\MiKTeX\tex/latex/fvextra\fvextra.sty
Package: fvextra 2025/03/04 v1.12.0 fvextra - extensions and patches for fancyv
rb

(C:\Users\vinit\AppData\Local\Programs\MiKTeX\tex/latex/fancyvrb\fancyvrb.sty
Package: fancyvrb 2024/01/20 4.5c verbatim text (tvz,hv)
\FV@CodeLineNo=\count411
\FV@InFile=\read4
\FV@TabBox=\box57
\c@FancyVerbLine=\count412
\FV@StepNumber=\count413
\FV@OutFile=\write4
)
(C:\Users\vinit\AppData\Local\Programs\MiKTeX\tex/latex/upquote\upquote.sty
Package: upquote 2012/04/19 v1.3 upright-quote and grave-accent glyphs in verba
tim

(C:\Users\vinit\AppData\Local\Programs\MiKTeX\tex/latex/base\textcomp.sty
Package: textcomp 2024/04/24 v2.1b Standard LaTeX package
))
(C:\Users\vinit\AppData\Local\Programs\MiKTeX\tex/latex/lineno\lineno.sty
Package: lineno 2025/01/29 line numbers on paragraphs v5.4
\linenopenalty=\count414
\output=\toks26
\linenoprevgraf=\count415
\linenumbersep=\dimen175
\linenumberwidth=\dimen176
\c@linenumber=\count416
\c@pagewiselinenumber=\count417
\c@LN@truepage=\count418
\c@internallinenumber=\count419
\c@internallinenumbers=\count420
\quotelinenumbersep=\dimen177
\bframerule=\dimen178
\bframesep=\dimen179
\bframebox=\box58
LaTeX Info: Redefining \\ on input line 3187.
)
\c@FancyVerbWriteLine=\count421
\c@FancyVerbBufferLine=\count422
\c@FV@TrueTabGroupLevel=\count423
\c@FV@TrueTabCounter=\count424
\FV@TabBox@Group=\box59
\FV@bgcolorstructbox=\box60
\FV@TmpLength=\skip128
\c@FV@HighlightLinesStart=\count425
\c@FV@HighlightLinesStop=\count426
\FV@LoopCount=\count427
\FV@NCharsBox=\box61
\FV@BreakIndent=\dimen180
\FV@BreakIndentNChars=\count428
\FV@BreakSymbolSepLeft=\dimen181
\FV@BreakSymbolSepLeftNChars=\count429
\FV@BreakSymbolSepRight=\dimen182
\FV@BreakSymbolSepRightNChars=\count430
\FV@BreakSymbolIndentLeft=\dimen183
\FV@BreakSymbolIndentLeftNChars=\count431
\FV@BreakSymbolIndentRight=\dimen184
\FV@BreakSymbolIndentRightNChars=\count432
\c@FancyVerbLineBreakLast=\count433
\FV@LineBox=\box62
\FV@LineIndentBox=\box63
\c@FV@BreakBufferDepth=\count434
\FV@LineWidth=\dimen185
)
(C:\Users\vinit\AppData\Local\Programs\MiKTeX\tex/latex/csquotes\csquotes.sty
Package: csquotes 2024-04-04 v5.2o context-sensitive quotations (JAW)
\csq@reset=\count435
\csq@gtype=\count436
\csq@glevel=\count437
\csq@qlevel=\count438
\csq@maxlvl=\count439
\csq@tshold=\count440
\csq@ltx@everypar=\toks27

(C:\Users\vinit\AppData\Local\Programs\MiKTeX\tex/latex/csquotes\csquotes.def
File: csquotes.def 2024-04-04 v5.2o csquotes generic definitions (JAW)
)
Package csquotes Info: Trying to load configuration file 'csquotes.cfg'...
Package csquotes Info: ... configuration file loaded successfully.

(C:\Users\vinit\AppData\Local\Programs\MiKTeX\tex/latex/csquotes\csquotes.cfg
File: csquotes.cfg 
)) (C:\Users\vinit\AppData\Local\Programs\MiKTeX\tex/latex/amsmath\amsmath.sty
Package: amsmath 2024/11/05 v2.17t AMS math features
\@mathmargin=\skip129

For additional information on amsmath, use the `?' option.
(C:\Users\vinit\AppData\Local\Programs\MiKTeX\tex/latex/amsmath\amstext.sty
Package: amstext 2021/08/26 v2.01 AMS text

(C:\Users\vinit\AppData\Local\Programs\MiKTeX\tex/latex/amsmath\amsgen.sty
File: amsgen.sty 1999/11/30 v2.0 generic functions
\@emptytoks=\toks28
\ex@=\dimen186
))
(C:\Users\vinit\AppData\Local\Programs\MiKTeX\tex/latex/amsmath\amsbsy.sty
Package: amsbsy 1999/11/29 v1.2d Bold Symbols
\pmbraise@=\dimen187
)
(C:\Users\vinit\AppData\Local\Programs\MiKTeX\tex/latex/amsmath\amsopn.sty
Package: amsopn 2022/04/08 v2.04 operator names
)
\inf@bad=\count441
LaTeX Info: Redefining \frac on input line 233.
\uproot@=\count442
\leftroot@=\count443
LaTeX Info: Redefining \overline on input line 398.
LaTeX Info: Redefining \colon on input line 409.
\classnum@=\count444
\DOTSCASE@=\count445
LaTeX Info: Redefining \ldots on input line 495.
LaTeX Info: Redefining \dots on input line 498.
LaTeX Info: Redefining \cdots on input line 619.
\Mathstrutbox@=\box64
\strutbox@=\box65
LaTeX Info: Redefining \big on input line 721.
LaTeX Info: Redefining \Big on input line 722.
LaTeX Info: Redefining \bigg on input line 723.
LaTeX Info: Redefining \Bigg on input line 724.
\big@size=\dimen188
LaTeX Font Info:    Redeclaring font encoding OML on input line 742.
LaTeX Font Info:    Redeclaring font encoding OMS on input line 743.
\macc@depth=\count446
LaTeX Info: Redefining \bmod on input line 904.
LaTeX Info: Redefining \pmod on input line 909.
LaTeX Info: Redefining \smash on input line 939.
LaTeX Info: Redefining \relbar on input line 969.
LaTeX Info: Redefining \Relbar on input line 970.
\c@MaxMatrixCols=\count447
\dotsspace@=\muskip22
\c@parentequation=\count448
\dspbrk@lvl=\count449
\tag@help=\toks29
\row@=\count450
\column@=\count451
\maxfields@=\count452
\andhelp@=\toks30
\eqnshift@=\dimen189
\alignsep@=\dimen190
\tagshift@=\dimen191
\tagwidth@=\dimen192
\totwidth@=\dimen193
\lineht@=\dimen194
\@envbody=\toks31
\multlinegap=\skip130
\multlinetaggap=\skip131
\mathdisplay@stack=\toks32
LaTeX Info: Redefining \[ on input line 2953.
LaTeX Info: Redefining \] on input line 2954.
)
\@LN@amsmath@ams@eqpen=\count453

(C:\Users\vinit\AppData\Local\Programs\MiKTeX\tex/latex/amsfonts\amsfonts.sty
Package: amsfonts 2013/01/14 v3.01 Basic AMSFonts support
\symAMSa=\mathgroup4
\symAMSb=\mathgroup5
LaTeX Font Info:    Redeclaring math symbol \hbar on input line 98.
LaTeX Font Info:    Overwriting math alphabet `\mathfrak' in version `bold'
(Font)                  U/euf/m/n --> U/euf/b/n on input line 106.
)
(C:\Users\vinit\AppData\Local\Programs\MiKTeX\tex/latex/amsfonts\amssymb.sty
Package: amssymb 2013/01/14 v3.01 AMS font symbols
)
(C:\Users\vinit\AppData\Local\Programs\MiKTeX\tex/latex/amscls\amsthm.sty
Package: amsthm 2020/05/29 v2.20.6
\thm@style=\toks33
\thm@bodyfont=\toks34
\thm@headfont=\toks35
\thm@notefont=\toks36
\thm@headpunct=\toks37
\thm@preskip=\skip132
\thm@postskip=\skip133
\thm@headsep=\skip134
\dth@everypar=\toks38
)
(C:\Users\vinit\AppData\Local\Programs\MiKTeX\tex/latex/pdfpages\pdfpages.sty
Package: pdfpages 2025/03/12 v0.6f Insert pages of external PDF documents (AM)

(C:\Users\vinit\AppData\Local\Programs\MiKTeX\tex/latex/tools\calc.sty
Package: calc 2023/07/08 v4.3 Infix arithmetic (KKT,FJ)
\calc@Acount=\count454
\calc@Bcount=\count455
\calc@Adimen=\dimen195
\calc@Bdimen=\dimen196
\calc@Askip=\skip135
\calc@Bskip=\skip136
LaTeX Info: Redefining \setlength on input line 80.
LaTeX Info: Redefining \addtolength on input line 81.
\calc@Ccount=\count456
\calc@Cskip=\skip137
)
(C:\Users\vinit\AppData\Local\Programs\MiKTeX\tex/latex/eso-pic\eso-pic.sty
Package: eso-pic 2023/05/03 v3.0c eso-pic (RN)
\ESO@tempdima=\dimen197
\ESO@tempdimb=\dimen198

(C:\Users\vinit\AppData\Local\Programs\MiKTeX\tex/latex/xcolor\xcolor.sty
Package: xcolor 2024/09/29 v3.02 LaTeX color extensions (UK)

(C:\Users\vinit\AppData\Local\Programs\MiKTeX\tex/latex/graphics-cfg\color.cfg
File: color.cfg 2016/01/02 v1.6 sample color configuration
)
Package xcolor Info: Driver file: pdftex.def on input line 274.
(C:\Users\vinit\AppData\Local\Programs\MiKTeX\tex/latex/graphics\mathcolor.ltx)
Package xcolor Info: Model `cmy' substituted by `cmy0' on input line 1349.
Package xcolor Info: Model `hsb' substituted by `rgb' on input line 1353.
Package xcolor Info: Model `RGB' extended on input line 1365.
Package xcolor Info: Model `HTML' substituted by `rgb' on input line 1367.
Package xcolor Info: Model `Hsb' substituted by `hsb' on input line 1368.
Package xcolor Info: Model `tHsb' substituted by `hsb' on input line 1369.
Package xcolor Info: Model `HSB' substituted by `hsb' on input line 1370.
Package xcolor Info: Model `Gray' substituted by `gray' on input line 1371.
Package xcolor Info: Model `wave' substituted by `hsb' on input line 1372.
))
\AM@pagewidth=\dimen199
\AM@pageheight=\dimen256
\AM@fboxrule=\dimen257

(C:\Users\vinit\AppData\Local\Programs\MiKTeX\tex/latex/pdfpages\pppdftex.def
File: pppdftex.def 2025/03/12 v0.6f Pdfpages driver for pdfTeX (AM)
)
\pdfpages@includegraphics@status=\count457
\AM@pagebox=\box66
\AM@global@opts=\toks39
\AM@pagecnt=\count458
\AM@toc@title=\toks40
\AM@lof@heading=\toks41
\c@AM@survey=\count459
\AM@templatesizebox=\box67
) (C:\Users\vinit\AppData\Local\Programs\MiKTeX\tex/latex/enumitem\enumitem.sty
Package: enumitem 2025/02/06 v3.11 Customized lists
\enitkv@toks@=\toks42
\labelindent=\skip138
\enit@outerparindent=\dimen258
\enit@toks=\toks43
\enit@inbox=\box68
\enit@count@id=\count460
\enitdp@description=\count461
) (C:\Users\vinit\AppData\Local\Programs\MiKTeX\tex/latex/footmisc\footmisc.sty
Package: footmisc 2025/03/10 v7.0a a miscellany of footnote facilities

(C:\Users\vinit\AppData\Local\Programs\MiKTeX\tex/latex/footmisc\footmisc-2022-
02-14.sty
Package: footmisc 2024/12/24 v6.0g a miscellany of footnote facilities
\FN@temptoken=\toks44
\footnotemargin=\dimen259
\@outputbox@depth=\dimen260
Package footmisc Info: Declaring symbol style bringhurst on input line 699.
Package footmisc Info: Declaring symbol style chicago on input line 707.
Package footmisc Info: Declaring symbol style wiley on input line 716.
Package footmisc Info: Declaring symbol style lamport-robust on input line 727.

Package footmisc Info: Declaring symbol style lamport* on input line 747.
Package footmisc Info: Declaring symbol style lamport*-robust on input line 768
.
))
(C:\Users\vinit\AppData\Local\Programs\MiKTeX\tex/latex/hyperref\hyperref.sty
Package: hyperref 2024-11-05 v7.01l Hypertext links for LaTeX

(C:\Users\vinit\AppData\Local\Programs\MiKTeX\tex/generic/kvdefinekeys\kvdefine
keys.sty
Package: kvdefinekeys 2019-12-19 v1.6 Define keys (HO)
)
(C:\Users\vinit\AppData\Local\Programs\MiKTeX\tex/generic/pdfescape\pdfescape.s
ty
Package: pdfescape 2019/12/09 v1.15 Implements pdfTeX's escape features (HO)
) (C:\Users\vinit\AppData\Local\Programs\MiKTeX\tex/latex/hycolor\hycolor.sty
Package: hycolor 2020-01-27 v1.10 Color options for hyperref/bookmark (HO)
) (C:\Users\vinit\AppData\Local\Programs\MiKTeX\tex/latex/hyperref\nameref.sty
Package: nameref 2023-11-26 v2.56 Cross-referencing by name of section

(C:\Users\vinit\AppData\Local\Programs\MiKTeX\tex/latex/refcount\refcount.sty
Package: refcount 2019/12/15 v3.6 Data extraction from label references (HO)
)
(C:\Users\vinit\AppData\Local\Programs\MiKTeX\tex/generic/gettitlestring\gettit
lestring.sty
Package: gettitlestring 2019/12/15 v1.6 Cleanup title references (HO)
)
\c@section@level=\count462
)
(C:\Users\vinit\AppData\Local\Programs\MiKTeX\tex/generic/stringenc\stringenc.s
ty
Package: stringenc 2019/11/29 v1.12 Convert strings between diff. encodings (HO
)
)
\@linkdim=\dimen261
\Hy@linkcounter=\count463
\Hy@pagecounter=\count464
 (C:\Users\vinit\AppData\Local\Programs\MiKTeX\tex/latex/hyperref\pd1enc.def
File: pd1enc.def 2024-11-05 v7.01l Hyperref: PDFDocEncoding definition (HO)
Now handling font encoding PD1 ...
... no UTF-8 mapping file for font encoding PD1
) (C:\Users\vinit\AppData\Local\Programs\MiKTeX\tex/generic/intcalc\intcalc.sty
Package: intcalc 2019/12/15 v1.3 Expandable calculations with integers (HO)
)
\Hy@SavedSpaceFactor=\count465
 (C:\Users\vinit\AppData\Local\Programs\MiKTeX\tex/latex/hyperref\puenc.def
File: puenc.def 2024-11-05 v7.01l Hyperref: PDF Unicode definition (HO)
Now handling font encoding PU ...
... no UTF-8 mapping file for font encoding PU
)
Package hyperref Info: Option `hypertexnames' set `false' on input line 4040.
Package hyperref Info: Hyper figures OFF on input line 4157.
Package hyperref Info: Link nesting OFF on input line 4162.
Package hyperref Info: Hyper index ON on input line 4165.
Package hyperref Info: Plain pages OFF on input line 4172.
Package hyperref Info: Backreferencing OFF on input line 4177.
Package hyperref Info: Implicit mode ON; LaTeX internals redefined.
Package hyperref Info: Bookmarks ON on input line 4424.
\c@Hy@tempcnt=\count466
LaTeX Info: Redefining \url on input line 4763.
\XeTeXLinkMargin=\dimen262

(C:\Users\vinit\AppData\Local\Programs\MiKTeX\tex/generic/bitset\bitset.sty
Package: bitset 2019/12/09 v1.3 Handle bit-vector datatype (HO)

(C:\Users\vinit\AppData\Local\Programs\MiKTeX\tex/generic/bigintcalc\bigintcalc
.sty
Package: bigintcalc 2019/12/15 v1.5 Expandable calculations on big integers (HO
)
))
\Fld@menulength=\count467
\Field@Width=\dimen263
\Fld@charsize=\dimen264
Package hyperref Info: Hyper figures OFF on input line 6042.
Package hyperref Info: Link nesting OFF on input line 6047.
Package hyperref Info: Hyper index ON on input line 6050.
Package hyperref Info: backreferencing OFF on input line 6057.
Package hyperref Info: Link coloring OFF on input line 6062.
Package hyperref Info: Link coloring with OCG OFF on input line 6067.
Package hyperref Info: PDF/A mode OFF on input line 6072.

(C:\Users\vinit\AppData\Local\Programs\MiKTeX\tex/latex/base\atbegshi-ltx.sty
Package: atbegshi-ltx 2021/01/10 v1.0c Emulation of the original atbegshi
package with kernel methods
)
\Hy@abspage=\count468
\c@Item=\count469
\c@Hfootnote=\count470
)
Package hyperref Info: Driver (autodetected): hpdftex.
(C:\Users\vinit\AppData\Local\Programs\MiKTeX\tex/latex/hyperref\hpdftex.def
File: hpdftex.def 2024-11-05 v7.01l Hyperref driver for pdfTeX

(C:\Users\vinit\AppData\Local\Programs\MiKTeX\tex/latex/base\atveryend-ltx.sty
Package: atveryend-ltx 2020/08/19 v1.0a Emulation of the original atveryend pac
kage
with kernel methods
)
\Fld@listcount=\count471
\c@bookmark@seq@number=\count472

(C:\Users\vinit\AppData\Local\Programs\MiKTeX\tex/latex/rerunfilecheck\rerunfil
echeck.sty
Package: rerunfilecheck 2022-07-10 v1.10 Rerun checks for auxiliary files (HO)

(C:\Users\vinit\AppData\Local\Programs\MiKTeX\tex/generic/uniquecounter\uniquec
ounter.sty
Package: uniquecounter 2019/12/15 v1.4 Provide unlimited unique counter (HO)
)
Package uniquecounter Info: New unique counter `rerunfilecheck' on input line 2
85.
)
\Hy@SectionHShift=\skip139
)
(C:\Users\vinit\AppData\Local\Programs\MiKTeX\tex/latex/bookmark\bookmark.sty
Package: bookmark 2023-12-10 v1.31 PDF bookmarks (HO)

(C:\Users\vinit\AppData\Local\Programs\MiKTeX\tex/latex/bookmark\bkm-pdftex.def
File: bkm-pdftex.def 2023-12-10 v1.31 bookmark driver for pdfTeX and luaTeX (HO
)
\BKM@id=\count473
)) (C:\Users\vinit\AppData\Local\Programs\MiKTeX\tex/latex/xstring\xstring.sty
(C:\Users\vinit\AppData\Local\Programs\MiKTeX\tex/generic/xstring\xstring.tex
\xs_counta=\count474
\xs_countb=\count475
)
Package: xstring 2023/08/22 v1.86 String manipulations (CT)
) (C:\Users\vinit\AppData\Local\Programs\MiKTeX\tex/latex/imakeidx\imakeidx.sty
Package: imakeidx 2016/10/15 v1.3e Package for typesetting indices in a synchro
nous mode

(C:\Users\vinit\AppData\Local\Programs\MiKTeX\tex/generic/iftex\ifxetex.sty
Package: ifxetex 2019/10/25 v0.7 ifxetex legacy package. Use iftex instead.
)
(C:\Users\vinit\AppData\Local\Programs\MiKTeX\tex/generic/iftex\ifluatex.sty
Package: ifluatex 2019/10/25 v1.5 ifluatex legacy package. Use iftex instead.
)
(C:\Users\vinit\AppData\Local\Programs\MiKTeX\tex/latex/tools\multicol.sty
Package: multicol 2024/09/14 v1.9i multicolumn formatting (FMi)
\c@tracingmulticols=\count476
\mult@box=\box69
\multicol@leftmargin=\dimen265
\c@unbalance=\count477
\c@collectmore=\count478
\doublecol@number=\count479
\multicoltolerance=\count480
\multicolpretolerance=\count481
\full@width=\dimen266
\page@free=\dimen267
\premulticols=\dimen268
\postmulticols=\dimen269
\multicolsep=\skip140
\multicolbaselineskip=\skip141
\partial@page=\box70
\last@line=\box71
\mc@boxedresult=\box72
\maxbalancingoverflow=\dimen270
\mult@rightbox=\box73
\mult@grightbox=\box74
\mult@firstbox=\box75
\mult@gfirstbox=\box76
\@tempa=\box77
\@tempa=\box78
\@tempa=\box79
\@tempa=\box80
\@tempa=\box81
\@tempa=\box82
\@tempa=\box83
\@tempa=\box84
\@tempa=\box85
\@tempa=\box86
\@tempa=\box87
\@tempa=\box88
\@tempa=\box89
\@tempa=\box90
\@tempa=\box91
\@tempa=\box92
\@tempa=\box93
\@tempa=\box94
\@tempa=\box95
\@tempa=\box96
\@tempa=\box97
\@tempa=\box98
\@tempa=\box99
\@tempa=\box100
\@tempa=\box101
\@tempa=\box102
\@tempa=\box103
\@tempa=\box104
\@tempa=\box105
\@tempa=\box106
\@tempa=\box107
\@tempa=\box108
\@tempa=\box109
\@tempa=\box110
\@tempa=\box111
\@tempa=\box112
\c@minrows=\count482
\c@columnbadness=\count483
\c@finalcolumnbadness=\count484
\last@try=\dimen271
\multicolovershoot=\dimen272
\multicolundershoot=\dimen273
\mult@nat@firstbox=\box113
\colbreak@box=\box114
\mc@col@check@num=\count485
))
\contMembroBanca=\count486
\recuoalinea=\skip142
\c@board=\count487
\cftbeforeboardskip=\skip143
\cftboardindent=\skip144
\cftboardnumwidth=\skip145
\c@lobdepth=\count488
\cftbeforelobtitleskip=\skip146
\cftafterlobtitleskip=\skip147
Package newfloat Info: New float `board' with options `fileext=lob,name=Quadro,
placement=ht,within=none,' on input line 946.
Package newfloat Info: \c@board is already defined on input line 946.
\newfloat@ftype=\count489
Package newfloat Info: float type `board'=8 on input line 946.
Package newfloat Info: \listofboard is already defined on input line 946.
Package newfloat Info: \l@board is already defined on input line 946.
Package newfloat Info: \ext@board is already defined on input line 946.
Package newfloat Info: \c@lobdepth is already defined on input line 946.
\monografia@idxfile=\write5
\openout5 = `monografia.idx'.


Writing index file monografia.idx
) (C:\Users\vinit\AppData\Local\Programs\MiKTeX\tex/latex/numprint\numprint.sty
Package: numprint 2012/08/20 v1.39 Print numbers (HH)
\c@nprt@mantissa@digitsbefore=\count490
\c@nprt@mantissa@digitsafter=\count491
\c@nprt@exponent@digitsbefore=\count492
\c@nprt@exponent@digitsafter=\count493
\nprt@digitwidth=\skip148
\nprt@sepwidth=\skip149
\nprt@decimalwidth=\skip150
\nprt@blockwidth=\skip151
\nprt@digittoks=\toks45
\nprt@pretoks=\toks46
\nprt@posttoks=\toks47
\nprt@thisdigit=\count494
\nprt@curpos=\count495
\nprt@rndpos=\count496
\c@nprt@digitsfirstblock=\count497
\c@nprt@blockcnt=\count498
\c@nprt@cntprint=\count499
No configuration file `numprint.cfg' found.)
(C:\Users\vinit\AppData\Local\Programs\MiKTeX\tex/latex/minted\minted.sty
Package: minted 2025/05/14 v3.7.0 Yet another Pygments shim for LaTeX

(C:\Users\vinit\AppData\Local\Programs\MiKTeX\tex/generic/catchfile\catchfile.s
ty
Package: catchfile 2019/12/09 v1.8 Catch the contents of a file (HO)

(C:\Users\vinit\AppData\Local\Programs\MiKTeX\tex/generic/etexcmds\etexcmds.sty
Package: etexcmds 2019/12/15 v1.7 Avoid name clashes with e-TeX commands (HO)
))

LaTeX Warning: You have requested, on input line 32, version
               `2025/05/14' of package fvextra,
               but only version
               `2025/03/04 v1.12.0 fvextra - extensions and patches for fancyvr
b'
               is available.


(C:\Users\vinit\AppData\Local\Programs\MiKTeX\tex/latex/latex2pydata\latex2pyda
ta.sty
Package: latex2pydata 2025/03/26 v0.6.0 latex2pydata - write data to file in Py
thon literal format
)
(C:\Users\vinit\AppData\Local\Programs\MiKTeX\tex/latex/pgf/utilities\pgfkeys.s
ty
(C:\Users\vinit\AppData\Local\Programs\MiKTeX\tex/generic/pgf/utilities\pgfkeys
.code.tex
\pgfkeys@pathtoks=\toks48
\pgfkeys@temptoks=\toks49

(C:\Users\vinit\AppData\Local\Programs\MiKTeX\tex/generic/pgf/utilities\pgfkeys
libraryfiltered.code.tex
\pgfkeys@tmptoks=\toks50
)))
(C:\Users\vinit\AppData\Local\Programs\MiKTeX\tex/latex/pgfopts\pgfopts.sty
Package: pgfopts 2014/07/10 v2.1a LaTeX package options with pgfkeys
\pgfopts@list@add@a@toks=\toks51
\pgfopts@list@add@b@toks=\toks52
)
(C:\Users\vinit\AppData\Local\Programs\MiKTeX\tex/latex/tools\shellesc.sty
Package: shellesc 2023/07/08 v1.0d unified shell escape interface for LaTeX
Package shellesc Info: Unrestricted shell escape enabled on input line 75.
)
(C:\Users\vinit\AppData\Local\Programs\MiKTeX\tex/latex/float\float.sty
Package: float 2001/11/08 v1.3d Float enhancements (AL)
\c@float@type=\count500
\float@exts=\toks53
\float@box=\box115
\@float@everytoks=\toks54
\@floatcapt=\box116
)
\c@minted@FancyVerbLineTemp=\count501
\@float@every@listing=\toks55
\c@listing=\count502
)
Package csquotes Info: Checking for multilingual support...
Package csquotes Info: ... found 'babel' package.
Package csquotes Info: Adjusting default style.
Package csquotes Info: Redefining alias 'default' -> 'brazil'.
LaTeX Font Info:    Trying to load font information for T1+phv on input line 90
.

(C:\Users\vinit\AppData\Local\Programs\MiKTeX\tex/latex/psnfss\t1phv.fd
File: t1phv.fd 2020/03/25 scalable font definitions for T1/phv.
)

LaTeX Warning: Unused global option(s):
    [recuosum=1.5cm].

(monografia.aux
Package babel Info: 'brazil' activates 'portuges' shorthands.
(babel)             Reported  on input line 11.
)
\openout1 = `monografia.aux'.

LaTeX Font Info:    Checking defaults for OML/cmm/m/it on input line 90.
LaTeX Font Info:    ... okay on input line 90.
LaTeX Font Info:    Checking defaults for OMS/cmsy/m/n on input line 90.
LaTeX Font Info:    ... okay on input line 90.
LaTeX Font Info:    Checking defaults for OT1/cmr/m/n on input line 90.
LaTeX Font Info:    ... okay on input line 90.
LaTeX Font Info:    Checking defaults for T1/cmr/m/n on input line 90.
LaTeX Font Info:    ... okay on input line 90.
LaTeX Font Info:    Checking defaults for TS1/cmr/m/n on input line 90.
LaTeX Font Info:    ... okay on input line 90.
LaTeX Font Info:    Checking defaults for OMX/cmex/m/n on input line 90.
LaTeX Font Info:    ... okay on input line 90.
LaTeX Font Info:    Checking defaults for U/cmr/m/n on input line 90.
LaTeX Font Info:    ... okay on input line 90.
LaTeX Font Info:    Checking defaults for PD1/pdf/m/n on input line 90.
LaTeX Font Info:    ... okay on input line 90.
LaTeX Font Info:    Checking defaults for PU/pdf/m/n on input line 90.
LaTeX Font Info:    ... okay on input line 90.

*geometry* driver: auto-detecting
*geometry* detected driver: pdftex
*geometry* verbose mode - [ preamble ] result:
* driver: pdftex
* paper: a4paper
* layout: <same size as paper>
* layoutoffset:(h,v)=(0.0pt,0.0pt)
* modes: 
* h-part:(L,W,R)=(85.35826pt, 455.24411pt, 56.9055pt)
* v-part:(T,H,B)=(85.35826pt, 702.78308pt, 56.9055pt)
* \paperwidth=597.50787pt
* \paperheight=845.04684pt
* \textwidth=455.24411pt
* \textheight=702.78308pt
* \oddsidemargin=13.08827pt
* \evensidemargin=13.08827pt
* \topmargin=-15.36449pt
* \headheight=15.0pt
* \headsep=13.45274pt
* \topskip=12.0pt
* \footskip=30.0pt
* \marginparwidth=44.0pt
* \marginparsep=10.0pt
* \columnsep=10.0pt
* \skip\footins=10.8pt plus 4.0pt minus 2.0pt
* \hoffset=0.0pt
* \voffset=0.0pt
* \mag=1000
* \@twocolumnfalse
* \@twosidefalse
* \@mparswitchfalse
* \@reversemarginfalse
* (1in=72.27pt=25.4mm, 1cm=28.453pt)

Package biblatex Info: Trying to load language 'brazil' -> 'brazil-abnt'...
Package biblatex Info: ... file 'brazil-abnt.lbx' found.

(C:\Users\vinit\AppData\Local\Programs\MiKTeX\tex/latex/biblatex-abnt/lbx\brazi
l-abnt.lbx
File: brazil-abnt.lbx 2018-11-17 v3.4 ABNT BibLaTeX citation style
Package biblatex Info: Trying to load language 'brazilian-abnt'...
Package biblatex Info: ... file 'brazilian-abnt.lbx' found.

(C:\Users\vinit\AppData\Local\Programs\MiKTeX\tex/latex/biblatex-abnt/lbx\brazi
lian-abnt.lbx
File: brazilian-abnt.lbx 2018-11-17 v3.4 ABNT BibLaTeX citation style
Package biblatex Info: Trying to load language 'brazilian' -> 'brazilian-abnt'.
..
Package biblatex Info: ... file 'brazilian-abnt.lbx' found.

(C:\Users\vinit\AppData\Local\Programs\MiKTeX\tex/latex/biblatex-abnt/lbx\brazi
lian-abnt.lbx
File: brazilian-abnt.lbx 2018-11-17 v3.4 ABNT BibLaTeX citation style
Package biblatex Info: Trying to load language 'brazilian'...
Package biblatex Info: ... file 'brazilian.lbx' found.

(C:\Users\vinit\AppData\Local\Programs\MiKTeX\tex/latex/biblatex/lbx\brazilian.
lbx
File: brazilian.lbx 2024/03/21 v3.20 biblatex localization (PK/MW)
)))
Package biblatex Info: Trying to load language 'brazilian-abnt'...
Package biblatex Info: ... file 'brazilian-abnt.lbx' found.

(C:\Users\vinit\AppData\Local\Programs\MiKTeX\tex/latex/biblatex-abnt/lbx\brazi
lian-abnt.lbx
File: brazilian-abnt.lbx 2018-11-17 v3.4 ABNT BibLaTeX citation style
Package biblatex Info: Trying to load language 'brazilian' -> 'brazilian-abnt'.
..
Package biblatex Info: ... file 'brazilian-abnt.lbx' found.

(C:\Users\vinit\AppData\Local\Programs\MiKTeX\tex/latex/biblatex-abnt/lbx\brazi
lian-abnt.lbx
File: brazilian-abnt.lbx 2018-11-17 v3.4 ABNT BibLaTeX citation style
Package biblatex Info: Trying to load language 'brazilian'...
Package biblatex Info: ... file 'brazilian.lbx' found.

(C:\Users\vinit\AppData\Local\Programs\MiKTeX\tex/latex/biblatex/lbx\brazilian.
lbx
File: brazilian.lbx 2024/03/21 v3.20 biblatex localization (PK/MW)
)
Package biblatex Info: Trying to load language 'brazil'...
Package biblatex Info: ... file 'brazil.lbx' found.

(C:\Users\vinit\AppData\Local\Programs\MiKTeX\tex/latex/biblatex/lbx\brazil.lbx
File: brazil.lbx 2024/03/21 v3.20 biblatex localization (PK/MW)
Package biblatex Info: Trying to load language 'brazilian'...
Package biblatex Info: ... file 'brazilian.lbx' found.

(C:\Users\vinit\AppData\Local\Programs\MiKTeX\tex/latex/biblatex/lbx\brazilian.
lbx
File: brazilian.lbx 2024/03/21 v3.20 biblatex localization (PK/MW)
)))
Package biblatex Info: Trying to load language 'brazil'...
Package biblatex Info: ... file 'brazil.lbx' found.

(C:\Users\vinit\AppData\Local\Programs\MiKTeX\tex/latex/biblatex/lbx\brazil.lbx
File: brazil.lbx 2024/03/21 v3.20 biblatex localization (PK/MW)
Package biblatex Info: Trying to load language 'brazilian' -> 'brazilian-abnt'.
..
Package biblatex Info: ... file 'brazilian-abnt.lbx' found.

(C:\Users\vinit\AppData\Local\Programs\MiKTeX\tex/latex/biblatex-abnt/lbx\brazi
lian-abnt.lbx
File: brazilian-abnt.lbx 2018-11-17 v3.4 ABNT BibLaTeX citation style
Package biblatex Info: Trying to load language 'brazilian'...
Package biblatex Info: ... file 'brazilian.lbx' found.

(C:\Users\vinit\AppData\Local\Programs\MiKTeX\tex/latex/biblatex/lbx\brazilian.
lbx
File: brazilian.lbx 2024/03/21 v3.20 biblatex localization (PK/MW)
)
Package biblatex Info: Trying to load language 'brazil'...
Package biblatex Info: ... file 'brazil.lbx' found.

(C:\Users\vinit\AppData\Local\Programs\MiKTeX\tex/latex/biblatex/lbx\brazil.lbx
File: brazil.lbx 2024/03/21 v3.20 biblatex localization (PK/MW)
Package biblatex Info: Trying to load language 'brazilian'...
Package biblatex Info: ... file 'brazilian.lbx' found.

(C:\Users\vinit\AppData\Local\Programs\MiKTeX\tex/latex/biblatex/lbx\brazilian.
lbx
File: brazilian.lbx 2024/03/21 v3.20 biblatex localization (PK/MW)
))))))
Package biblatex Info: Trying to load language 'english' -> 'english-abnt'...
Package biblatex Info: ... file 'english-abnt.lbx' found.

(C:\Users\vinit\AppData\Local\Programs\MiKTeX\tex/latex/biblatex-abnt/lbx\engli
sh-abnt.lbx
File: english-abnt.lbx 2018-11-17 v3.4 ABNT BibLaTeX citation style
Package biblatex Info: Trying to load language 'english'...
Package biblatex Info: ... file 'english.lbx' found.

(C:\Users\vinit\AppData\Local\Programs\MiKTeX\tex/latex/biblatex/lbx\english.lb
x
File: english.lbx 2024/03/21 v3.20 biblatex localization (PK/MW)
)
Package biblatex Info: Trying to load language 'english'...
Package biblatex Info: ... file 'english.lbx' found.

(C:\Users\vinit\AppData\Local\Programs\MiKTeX\tex/latex/biblatex/lbx\english.lb
x
File: english.lbx 2024/03/21 v3.20 biblatex localization (PK/MW)
)
Package biblatex Info: Trying to load language 'english'...
Package biblatex Info: ... file 'english.lbx' found.

(C:\Users\vinit\AppData\Local\Programs\MiKTeX\tex/latex/biblatex/lbx\english.lb
x
File: english.lbx 2024/03/21 v3.20 biblatex localization (PK/MW)
))
Package biblatex Info: Input encoding 'utf8' detected.
Package biblatex Info: Automatic encoding selection.
(biblatex)             Assuming data encoding 'utf8'.
\openout3 = `monografia.bcf'.

Package biblatex Info: Trying to load bibliographic data...
Package biblatex Info: ... file 'monografia.bbl' found.
 (monografia.bbl)
Package biblatex Info: Reference section=0 on input line 90.
Package biblatex Info: Reference segment=0 on input line 90.
Package newfloat Info: `float' package detected.

(C:\Users\vinit\AppData\Local\Programs\MiKTeX\tex/context/base/mkii\supp-pdf.mk
ii
[Loading MPS to PDF converter (version 2006.09.02).]
\scratchcounter=\count503
\scratchdimen=\dimen274
\scratchbox=\box117
\nofMPsegments=\count504
\nofMParguments=\count505
\everyMPshowfont=\toks56
\MPscratchCnt=\count506
\MPscratchDim=\dimen275
\MPnumerator=\count507
\makeMPintoPDFobject=\count508
\everyMPtoPDFconversion=\toks57
)
(C:\Users\vinit\AppData\Local\Programs\MiKTeX\tex/latex/epstopdf-pkg\epstopdf-b
ase.sty
Package: epstopdf-base 2020-01-24 v2.11 Base part for package epstopdf
Package epstopdf-base Info: Redefining graphics rule for `.eps' on input line 4
85.

(C:\Users\vinit\AppData\Local\Programs\MiKTeX\tex/latex/00miktex\epstopdf-sys.c
fg
File: epstopdf-sys.cfg 2021/03/18 v2.0 Configuration of epstopdf for MiKTeX
))
Package caption Info: Begin \AtBeginDocument code.
Package caption Info: float package is loaded.
Package caption Info: hyperref package is loaded.
Package caption Info: End \AtBeginDocument code.

(C:\Users\vinit\AppData\Local\Programs\MiKTeX\tex/latex/pdflscape\pdflscape.sty
Package: pdflscape 2022-10-27 v0.13 Display of landscape pages in PDF

(C:\Users\vinit\AppData\Local\Programs\MiKTeX\tex/latex/pdflscape\pdflscape-nom
etadata.sty
Package: pdflscape-nometadata 2022-10-28 v0.13 Display of landscape pages in PD
F (HO)

(C:\Users\vinit\AppData\Local\Programs\MiKTeX\tex/latex/graphics\lscape.sty
Package: lscape 2020/05/28 v3.02 Landscape Pages (DPC)
)
Package pdflscape Info: Auto-detected driver: pdftex on input line 81.
))
Package hyperref Info: Link coloring OFF on input line 90.
LaTeX Font Info:    Font shape `T1/phv/m/it' in size <12> not available
(Font)              Font shape `T1/phv/m/sl' tried instead on input line 92.
LaTeX Font Info:    Trying to load font information for U+msa on input line 92.


(C:\Users\vinit\AppData\Local\Programs\MiKTeX\tex/latex/amsfonts\umsa.fd
File: umsa.fd 2013/01/14 v3.01 AMS symbols A
)
LaTeX Font Info:    Trying to load font information for U+msb on input line 92.


(C:\Users\vinit\AppData\Local\Programs\MiKTeX\tex/latex/amsfonts\umsb.fd
File: umsb.fd 2013/01/14 v3.01 AMS symbols B
)

[1

{C:/Users/vinit/AppData/Local/MiKTeX/fonts/map/pdftex/pdftex.map}{C:/Users/vini
t/AppData/Local/Programs/MiKTeX/fonts/enc/dvips/base/8r.enc}]
Underfull \hbox (badness 10000) in paragraph at lines 92--92

 []



[0

]

[1

]

[2

]

[3

]

[4

]

[5

]

[6

] (monografia.lof)
\tf@lof=\write6
\openout6 = `monografia.lof'.



[7

] (monografia.lob)
\tf@lob=\write7
\openout7 = `monografia.lob'.



[8


] (monografia.lot)
\tf@lot=\write8
\openout8 = `monografia.lot'.



[9


]

[10


]

[11


] (monografia.toc
LaTeX Font Info:    Font shape `T1/phv/b/it' in size <12> not available
(Font)              Font shape `T1/phv/b/sl' tried instead on input line 9.


[12


])
\tf@toc=\write9
\openout9 = `monografia.toc'.



[13]
Cap\'{\i }tulo 1.


[14


]

[15]

[16]
Cap\'{\i }tulo 2.


[17

]
LaTeX Font Info:    Trying to load font information for TS1+phv on input line 1
67.
 (C:\Users\vinit\AppData\Local\Programs\MiKTeX\tex/latex/psnfss\ts1phv.fd
File: ts1phv.fd 2020/03/25 scalable font definitions for TS1/phv.
)

[18]

[19]

[20]

[21]

[22]
<figuras/esquema_logico.pdf, id=375, 402.50375pt x 222.8325pt>
File: figuras/esquema_logico.pdf Graphic file (type pdf)
<use figuras/esquema_logico.pdf>
Package pdftex.def Info: figuras/esquema_logico.pdf  used on input line 346.
(pdftex.def)             Requested size: 409.71692pt x 226.82712pt.


[23 <./figuras/esquema_logico.pdf>]

[24]

[25]

[26]

[27]

[28]
Cap\'{\i }tulo 3.


[29

]
<figuras/fluxograma - v3.pdf, id=495, 882.03545pt x 569.05513pt>
File: figuras/fluxograma - v3.pdf Graphic file (type pdf)
<use figuras/fluxograma - v3.pdf>
Package pdftex.def Info: figuras/fluxograma - v3.pdf  used on input line 472.
(pdftex.def)             Requested size: 273.14923pt x 176.22292pt.


[30]
Underfull \hbox (badness 3271) in paragraph at lines 496--496
[]|\T1/phv/m/n/12 AMD Ry-zen 5 5600G, 6-Core, 12-Threads, 3.6GHz
 []



[31 <./figuras/fluxograma - v3.pdf>]

[32]

[33]
Cap\'{\i }tulo 4.


[34

]

[35]

[36]

[37]

[38]

[39]

[40]

[41]
Underfull \hbox (badness 10000) in paragraph at lines 726--726
[]|\T1/phv/m/n/8 Informaes Tri-
 []


Underfull \hbox (badness 10000) in paragraph at lines 726--726
[]|\T1/phv/m/n/8 Demonstraes
 []


Underfull \hbox (badness 1275) in paragraph at lines 726--726
\T1/phv/m/n/8 Fi-nan-cei-ras Anu-
 []


Underfull \hbox (badness 10000) in paragraph at lines 726--726
[]|\T1/phv/m/n/8 Cadastro de
 []


Underfull \hbox (badness 10000) in paragraph at lines 726--726
\T1/phv/m/n/8 Com-pa-nhia
 []


Overfull \hbox (2.80777pt too wide) in paragraph at lines 726--726
[]|\T1/phv/m/n/8 Peridico/Eventual| 
 []


Overfull \hbox (2.80777pt too wide) in paragraph at lines 726--726
[]|\T1/phv/m/n/8 Peridico/Eventual| 
 []


Overfull \hbox (2.80777pt too wide) in paragraph at lines 726--726
[]|\T1/phv/m/n/8 Peridico/Eventual| 
 []


Underfull \hbox (badness 2790) in paragraph at lines 726--726
[]|\T1/phv/m/n/8 Volume des-com-
 []


Underfull \hbox (badness 10000) in paragraph at lines 726--726
[]|\T1/phv/m/n/8 Demonstrativos
 []


Underfull \hbox (badness 10000) in paragraph at lines 726--726
[]|\T1/phv/m/n/8 Demonstrativos
 []


Underfull \hbox (badness 1215) in paragraph at lines 726--726
[]|\T1/phv/m/n/8 CNPJ, en-de-reo,
 []


Underfull \hbox (badness 10000) in paragraph at lines 726--726
[]|\T1/phv/m/n/8 Assembleias,
 []


Underfull \hbox (badness 7133) in paragraph at lines 726--726
\T1/phv/m/n/8 fa-tos re-le-van-tes,
 []


Underfull \hbox (badness 7667) in paragraph at lines 726--726
\T1/phv/m/n/8 es-ta-tu-tos, po-l-ti-
 []


Underfull \hbox (badness 3439) in paragraph at lines 726--726
[]|\T1/phv/m/n/8 Alta (texto li-vre,
 []


Underfull \hbox (badness 10000) in paragraph at lines 726--726
[]|\T1/phv/m/n/8 Anlise de de-
 []


Underfull \hbox (badness 10000) in paragraph at lines 726--726
\T1/phv/m/n/8 sem-pe-nho tri-
 []


Underfull \hbox (badness 7081) in paragraph at lines 726--726
[]|\T1/phv/m/n/8 Anlise pa-tri-mo-
 []


Underfull \hbox (badness 10000) in paragraph at lines 726--726
[]|\T1/phv/m/n/8 Anlise es-tra-t-
 []


Underfull \hbox (badness 1184) in paragraph at lines 726--726
\T1/phv/m/n/8 gica e ins-ti-tu-ci-o-
 []


Underfull \hbox (badness 10000) in paragraph at lines 726--726
[]|\T1/phv/m/n/8 Base de
 []


Underfull \hbox (badness 10000) in paragraph at lines 726--726
\T1/phv/m/n/8 en-ti-da-des
 []


Overfull \hbox (1.48807pt too wide) in paragraph at lines 726--726
\T1/phv/m/n/8 (Dim_Companhia)| 
 []


Underfull \hbox (badness 10000) in paragraph at lines 726--726
[]|\T1/phv/m/n/8 Monitoramento
 []


Underfull \hbox (badness 3525) in paragraph at lines 726--726
\T1/phv/m/n/8 de even-tos cor-
 []



[42]
Underfull \hbox (badness 2865) in paragraph at lines 742--743
[]\T1/phv/m/n/12 A mo-de-la-gem ini-cial foi re-a-li-zada uti-li-zando o MySQL 
Work-bench,
 []


Underfull \hbox (badness 3657) in paragraph at lines 746--747
[]\T1/phv/m/n/12 Para ope-ra-ci-o-na-li-zar o pro-cesso de cri-a-o do banco d
e da-dos,
 []



[43]

[44]

[45

]

[46]

[47]

[48]

[49]

[50]

[51]

[52

]

[53

]
Apndice A.
<codigo/baixar.pdf, id=753, 597.23125pt x 845.1575pt>
File: codigo/baixar.pdf Graphic file (type pdf)
<use codigo/baixar.pdf>
Package pdftex.def Info: codigo/baixar.pdf  used on input line 825.
(pdftex.def)             Requested size: 597.22978pt x 845.15544pt.
<codigo/baixar.pdf, id=755, page=1, 597.23125pt x 845.1575pt>
File: codigo/baixar.pdf Graphic file (type pdf)
<use codigo/baixar.pdf, page 1>
Package pdftex.def Info: codigo/baixar.pdf , page1 used on input line 825.
(pdftex.def)             Requested size: 597.22978pt x 845.15544pt.
File: codigo/baixar.pdf Graphic file (type pdf)
<use codigo/baixar.pdf, page 1>
Package pdftex.def Info: codigo/baixar.pdf , page1 used on input line 825.
(pdftex.def)             Requested size: 596.69211pt x 844.39456pt.


[54


]
File: codigo/baixar.pdf Graphic file (type pdf)
<use codigo/baixar.pdf, page 1>
Package pdftex.def Info: codigo/baixar.pdf , page1 used on input line 825.
(pdftex.def)             Requested size: 596.69211pt x 844.39456pt.
File: codigo/baixar.pdf Graphic file (type pdf)
<use codigo/baixar.pdf, page 1>
Package pdftex.def Info: codigo/baixar.pdf , page1 used on input line 825.
(pdftex.def)             Requested size: 596.69211pt x 844.39456pt.


File: codigo/baixar.pdf Graphic file (type pdf)
<use codigo/baixar.pdf, page 1>
Package pdftex.def Info: codigo/baixar.pdf , page1 used on input line 825.
(pdftex.def)             Requested size: 596.69211pt x 844.39456pt.
[55

 <./codigo/baixar.pdf>]
<codigo/baixar.pdf, id=779, page=2, 597.23125pt x 845.1575pt>
File: codigo/baixar.pdf Graphic file (type pdf)
<use codigo/baixar.pdf, page 2>
Package pdftex.def Info: codigo/baixar.pdf , page2 used on input line 825.
(pdftex.def)             Requested size: 596.69211pt x 844.39456pt.
File: codigo/baixar.pdf Graphic file (type pdf)
<use codigo/baixar.pdf, page 2>
Package pdftex.def Info: codigo/baixar.pdf , page2 used on input line 825.
(pdftex.def)             Requested size: 596.69211pt x 844.39456pt.


File: codigo/baixar.pdf Graphic file (type pdf)
<use codigo/baixar.pdf, page 2>
Package pdftex.def Info: codigo/baixar.pdf , page2 used on input line 825.
(pdftex.def)             Requested size: 596.69211pt x 844.39456pt.
[56

 <./codigo/baixar.pdf>]
Apndice B.
<codigo/extrair.pdf, id=784, 597.23125pt x 845.1575pt>
File: codigo/extrair.pdf Graphic file (type pdf)
<use codigo/extrair.pdf>
Package pdftex.def Info: codigo/extrair.pdf  used on input line 829.
(pdftex.def)             Requested size: 597.22978pt x 845.15544pt.
<codigo/extrair.pdf, id=786, page=1, 597.23125pt x 845.1575pt>
File: codigo/extrair.pdf Graphic file (type pdf)
<use codigo/extrair.pdf, page 1>
Package pdftex.def Info: codigo/extrair.pdf , page1 used on input line 829.
(pdftex.def)             Requested size: 597.22978pt x 845.15544pt.
File: codigo/extrair.pdf Graphic file (type pdf)
<use codigo/extrair.pdf, page 1>
Package pdftex.def Info: codigo/extrair.pdf , page1 used on input line 829.
(pdftex.def)             Requested size: 596.69211pt x 844.39456pt.


[57

]
File: codigo/extrair.pdf Graphic file (type pdf)
<use codigo/extrair.pdf, page 1>
Package pdftex.def Info: codigo/extrair.pdf , page1 used on input line 829.
(pdftex.def)             Requested size: 596.69211pt x 844.39456pt.
File: codigo/extrair.pdf Graphic file (type pdf)
<use codigo/extrair.pdf, page 1>
Package pdftex.def Info: codigo/extrair.pdf , page1 used on input line 829.
(pdftex.def)             Requested size: 596.69211pt x 844.39456pt.


File: codigo/extrair.pdf Graphic file (type pdf)
<use codigo/extrair.pdf, page 1>
Package pdftex.def Info: codigo/extrair.pdf , page1 used on input line 829.
(pdftex.def)             Requested size: 596.69211pt x 844.39456pt.
[58

 <./codigo/extrair.pdf>]
Apndice C.
<apendice/Mapeamento CIA Aberta.pdf, id=810, 845.1575pt x 597.23125pt>
File: apendice/Mapeamento CIA Aberta.pdf Graphic file (type pdf)
<use apendice/Mapeamento CIA Aberta.pdf>
Package pdftex.def Info: apendice/Mapeamento CIA Aberta.pdf  used on input line
 833.
(pdftex.def)             Requested size: 845.15544pt x 597.22978pt.
<apendice/Mapeamento CIA Aberta.pdf, id=812, page=1, 845.1575pt x 597.23125pt>
File: apendice/Mapeamento CIA Aberta.pdf Graphic file (type pdf)
<use apendice/Mapeamento CIA Aberta.pdf, page 1>
Package pdftex.def Info: apendice/Mapeamento CIA Aberta.pdf , page1 used on inp
ut line 833.
(pdftex.def)             Requested size: 845.15544pt x 597.22978pt.
File: apendice/Mapeamento CIA Aberta.pdf Graphic file (type pdf)
<use apendice/Mapeamento CIA Aberta.pdf, page 1>
Package pdftex.def Info: apendice/Mapeamento CIA Aberta.pdf , page1 used on inp
ut line 833.
(pdftex.def)             Requested size: 596.81622pt x 421.74068pt.


[59

]
File: apendice/Mapeamento CIA Aberta.pdf Graphic file (type pdf)
<use apendice/Mapeamento CIA Aberta.pdf, page 1>
Package pdftex.def Info: apendice/Mapeamento CIA Aberta.pdf , page1 used on inp
ut line 833.
(pdftex.def)             Requested size: 596.81622pt x 421.74068pt.
File: apendice/Mapeamento CIA Aberta.pdf Graphic file (type pdf)
<use apendice/Mapeamento CIA Aberta.pdf, page 1>
Package pdftex.def Info: apendice/Mapeamento CIA Aberta.pdf , page1 used on inp
ut line 833.
(pdftex.def)             Requested size: 596.81622pt x 421.74068pt.


File: apendice/Mapeamento CIA Aberta.pdf Graphic file (type pdf)
<use apendice/Mapeamento CIA Aberta.pdf, page 1>
Package pdftex.def Info: apendice/Mapeamento CIA Aberta.pdf , page1 used on inp
ut line 833.
(pdftex.def)             Requested size: 596.81622pt x 421.74068pt.
[60

 <./apendice/Mapeamento CIA Aberta.pdf>]
<apendice/Mapeamento CIA Aberta.pdf, id=846, page=2, 845.1575pt x 597.23125pt>
File: apendice/Mapeamento CIA Aberta.pdf Graphic file (type pdf)
<use apendice/Mapeamento CIA Aberta.pdf, page 2>
Package pdftex.def Info: apendice/Mapeamento CIA Aberta.pdf , page2 used on inp
ut line 833.
(pdftex.def)             Requested size: 596.81622pt x 421.74068pt.
File: apendice/Mapeamento CIA Aberta.pdf Graphic file (type pdf)
<use apendice/Mapeamento CIA Aberta.pdf, page 2>
Package pdftex.def Info: apendice/Mapeamento CIA Aberta.pdf , page2 used on inp
ut line 833.
(pdftex.def)             Requested size: 596.81622pt x 421.74068pt.


File: apendice/Mapeamento CIA Aberta.pdf Graphic file (type pdf)
<use apendice/Mapeamento CIA Aberta.pdf, page 2>
Package pdftex.def Info: apendice/Mapeamento CIA Aberta.pdf , page2 used on inp
ut line 833.
(pdftex.def)             Requested size: 596.81622pt x 421.74068pt.
[61

 <./apendice/Mapeamento CIA Aberta.pdf>]
<apendice/Mapeamento CIA Aberta.pdf, id=852, page=3, 845.1575pt x 597.23125pt>
File: apendice/Mapeamento CIA Aberta.pdf Graphic file (type pdf)
<use apendice/Mapeamento CIA Aberta.pdf, page 3>
Package pdftex.def Info: apendice/Mapeamento CIA Aberta.pdf , page3 used on inp
ut line 833.
(pdftex.def)             Requested size: 596.81622pt x 421.74068pt.
File: apendice/Mapeamento CIA Aberta.pdf Graphic file (type pdf)
<use apendice/Mapeamento CIA Aberta.pdf, page 3>
Package pdftex.def Info: apendice/Mapeamento CIA Aberta.pdf , page3 used on inp
ut line 833.
(pdftex.def)             Requested size: 596.81622pt x 421.74068pt.


File: apendice/Mapeamento CIA Aberta.pdf Graphic file (type pdf)
<use apendice/Mapeamento CIA Aberta.pdf, page 3>
Package pdftex.def Info: apendice/Mapeamento CIA Aberta.pdf , page3 used on inp
ut line 833.
(pdftex.def)             Requested size: 596.81622pt x 421.74068pt.
[62

 <./apendice/Mapeamento CIA Aberta.pdf>]
<apendice/Mapeamento CIA Aberta.pdf, id=858, page=4, 845.1575pt x 597.23125pt>
File: apendice/Mapeamento CIA Aberta.pdf Graphic file (type pdf)
<use apendice/Mapeamento CIA Aberta.pdf, page 4>
Package pdftex.def Info: apendice/Mapeamento CIA Aberta.pdf , page4 used on inp
ut line 833.
(pdftex.def)             Requested size: 596.81622pt x 421.74068pt.
File: apendice/Mapeamento CIA Aberta.pdf Graphic file (type pdf)
<use apendice/Mapeamento CIA Aberta.pdf, page 4>
Package pdftex.def Info: apendice/Mapeamento CIA Aberta.pdf , page4 used on inp
ut line 833.
(pdftex.def)             Requested size: 596.81622pt x 421.74068pt.


File: apendice/Mapeamento CIA Aberta.pdf Graphic file (type pdf)
<use apendice/Mapeamento CIA Aberta.pdf, page 4>
Package pdftex.def Info: apendice/Mapeamento CIA Aberta.pdf , page4 used on inp
ut line 833.
(pdftex.def)             Requested size: 596.81622pt x 421.74068pt.
[63

 <./apendice/Mapeamento CIA Aberta.pdf>]
<apendice/Mapeamento CIA Aberta.pdf, id=864, page=5, 845.1575pt x 597.23125pt>
File: apendice/Mapeamento CIA Aberta.pdf Graphic file (type pdf)
<use apendice/Mapeamento CIA Aberta.pdf, page 5>
Package pdftex.def Info: apendice/Mapeamento CIA Aberta.pdf , page5 used on inp
ut line 833.
(pdftex.def)             Requested size: 596.81622pt x 421.74068pt.
File: apendice/Mapeamento CIA Aberta.pdf Graphic file (type pdf)
<use apendice/Mapeamento CIA Aberta.pdf, page 5>
Package pdftex.def Info: apendice/Mapeamento CIA Aberta.pdf , page5 used on inp
ut line 833.
(pdftex.def)             Requested size: 596.81622pt x 421.74068pt.


File: apendice/Mapeamento CIA Aberta.pdf Graphic file (type pdf)
<use apendice/Mapeamento CIA Aberta.pdf, page 5>
Package pdftex.def Info: apendice/Mapeamento CIA Aberta.pdf , page5 used on inp
ut line 833.
(pdftex.def)             Requested size: 596.81622pt x 421.74068pt.
[64

 <./apendice/Mapeamento CIA Aberta.pdf>]
<apendice/Mapeamento CIA Aberta.pdf, id=870, page=6, 845.1575pt x 597.23125pt>
File: apendice/Mapeamento CIA Aberta.pdf Graphic file (type pdf)
<use apendice/Mapeamento CIA Aberta.pdf, page 6>
Package pdftex.def Info: apendice/Mapeamento CIA Aberta.pdf , page6 used on inp
ut line 833.
(pdftex.def)             Requested size: 596.81622pt x 421.74068pt.
File: apendice/Mapeamento CIA Aberta.pdf Graphic file (type pdf)
<use apendice/Mapeamento CIA Aberta.pdf, page 6>
Package pdftex.def Info: apendice/Mapeamento CIA Aberta.pdf , page6 used on inp
ut line 833.
(pdftex.def)             Requested size: 596.81622pt x 421.74068pt.


File: apendice/Mapeamento CIA Aberta.pdf Graphic file (type pdf)
<use apendice/Mapeamento CIA Aberta.pdf, page 6>
Package pdftex.def Info: apendice/Mapeamento CIA Aberta.pdf , page6 used on inp
ut line 833.
(pdftex.def)             Requested size: 596.81622pt x 421.74068pt.
[65

 <./apendice/Mapeamento CIA Aberta.pdf>]
runsystem(makeindex monografia.idx)...executed safely (allowed).

 (monografia.ind)

[66

]
runsystem(latexminted cleantemp  --timestamp 20250615011449 BD2D0FEC491B8355352
DBA7DD970BB57)...executed.

 (monografia.aux)
 ***********
LaTeX2e <2024-11-01> patch level 2
L3 programming layer <2020/03/25>
 ***********


LaTeX Warning: There were undefined references.


Package biblatex Warning: Please (re)run Biber on the file:
(biblatex)                monografia
(biblatex)                and rerun LaTeX afterwards.

Package logreq Info: Writing requests to 'monografia.run.xml'.
\openout1 = `monografia.run.xml'.

 ) 
Here is how much of TeX's memory you used:
 31349 strings out of 473523
 604013 string characters out of 5714631
 1647628 words of memory out of 5000000
 53874 multiletter control sequences out of 15000+600000
 593323 words of font info for 89 fonts, out of 8000000 for 9000
 1141 hyphenation exceptions out of 8191
 114i,18n,131p,1357b,4444s stack positions out of 10000i,1000n,20000p,200000b,200000s
 <C:\Users\vinit\AppData\Local\MiKTeX\fonts/pk/ljfour/jknappen/ec/dpi600\ectt
1200.pk><C:/Users/vinit/AppData/Local/Programs/MiKTeX/fonts/type1/public/amsfon
ts/cm/cmex10.pfb><C:/Users/vinit/AppData/Local/Programs/MiKTeX/fonts/type1/publ
ic/amsfonts/cm/cmmi12.pfb><C:/Users/vinit/AppData/Local/Programs/MiKTeX/fonts/t
ype1/public/amsfonts/cm/cmmi8.pfb><C:/Users/vinit/AppData/Local/Programs/MiKTeX
/fonts/type1/public/amsfonts/cm/cmr12.pfb><C:/Users/vinit/AppData/Local/Program
s/MiKTeX/fonts/type1/public/amsfonts/cm/cmr8.pfb><C:/Users/vinit/AppData/Local/
Programs/MiKTeX/fonts/type1/public/amsfonts/cm/cmss12.pfb><C:/Users/vinit/AppDa
ta/Local/Programs/MiKTeX/fonts/type1/public/amsfonts/cm/cmsy10.pfb><C:/Users/vi
nit/AppData/Local/Programs/MiKTeX/fonts/type1/public/amsfonts/symbols/msbm10.pf
b><C:/Users/vinit/AppData/Local/Programs/MiKTeX/fonts/type1/urw/helvetic/uhvb8a
.pfb><C:/Users/vinit/AppData/Local/Programs/MiKTeX/fonts/type1/urw/helvetic/uhv
bo8a.pfb><C:/Users/vinit/AppData/Local/Programs/MiKTeX/fonts/type1/urw/helvetic
/uhvr8a.pfb><C:/Users/vinit/AppData/Local/Programs/MiKTeX/fonts/type1/urw/helve
tic/uhvro8a.pfb>
Output written on monografia.pdf (68 pages, 569716 bytes).
PDF statistics:
 1174 PDF objects out of 1200 (max. 8388607)
 217 named destinations out of 1000 (max. 500000)
 510 words of extra memory for PDF output out of 10000 (max. 10000000)

